
==============================================
START : FUNC_BUILD_KERNEL
==============================================

build project=keur
build common config=msm8974_sec_defconfig 
build variant config=msm8974pro_sec_klte_eur_defconfig 
build secure option= 
build SEANDROID option= 
make: Entering directory `/home/patrick/cm12/kernel/samsung/klte'
  GEN     /home/patrick/cm12/kernel/samsung/okernel/Makefile
sound/soc/codecs/audience/Kconfig:40:warning: type of 'SND_SOC_ES_SLIM' redefined from 'boolean' to 'tristate'
sound/soc/codecs/audience/Kconfig:43:warning: type of 'SND_SOC_ES_I2C' redefined from 'boolean' to 'tristate'
sound/soc/codecs/audience/Kconfig:44:warning: choice value used outside its choice group
sound/soc/codecs/audience/Kconfig:41:warning: choice value used outside its choice group
arch/arm/configs/msm8974_sec_defconfig:574:warning: override: reassigning to symbol KEYS
arch/arm/configs/selinux_defconfig:1:warning: override: reassigning to symbol EXT2_FS_XATTR
arch/arm/configs/selinux_defconfig:13:warning: symbol value 'y' invalid for SECURITY_SELINUX_CHECKREQPROT_VALUE
arch/arm/configs/msm8974pro_sec_klte_eur_defconfig:5:warning: override: reassigning to symbol MSM_ADSPRPC
arch/arm/configs/msm8974pro_sec_klte_eur_defconfig:27:warning: override: reassigning to symbol CFG80211
arch/arm/configs/msm8974pro_sec_klte_eur_defconfig:45:warning: override: reassigning to symbol LCD_CLASS_DEVICE
arch/arm/configs/msm8974pro_sec_klte_eur_defconfig:46:warning: override: reassigning to symbol BACKLIGHT_LCD_SUPPORT
arch/arm/configs/msm8974pro_sec_klte_eur_defconfig:47:warning: override: reassigning to symbol BACKLIGHT_CLASS_DEVICE
arch/arm/configs/msm8974pro_sec_klte_eur_defconfig:82:warning: override: reassigning to symbol USB_DUN_SUPPORT
arch/arm/configs/msm8974pro_sec_klte_eur_defconfig:92:warning: override: reassigning to symbol MHL_VERSION
arch/arm/configs/msm8974pro_sec_klte_eur_defconfig:97:warning: override: reassigning to symbol SEC_PM
arch/arm/configs/msm8974pro_sec_klte_eur_defconfig:98:warning: override: reassigning to symbol SEC_PM_DEBUG
arch/arm/configs/msm8974pro_sec_klte_eur_defconfig:115:warning: override: reassigning to symbol SENSORS_ADSP
arch/arm/configs/msm8974pro_sec_klte_eur_defconfig:145:warning: override: reassigning to symbol BATTERY_SAMSUNG
arch/arm/configs/msm8974pro_sec_klte_eur_defconfig:146:warning: override: reassigning to symbol SAMSUNG_LPM_MODE
arch/arm/configs/msm8974pro_sec_klte_eur_defconfig:148:warning: override: reassigning to symbol BATTERY_BQ28400
arch/arm/configs/msm8974pro_sec_klte_eur_defconfig:154:warning: override: reassigning to symbol QPNP_CHARGER
arch/arm/configs/msm8974pro_sec_klte_eur_defconfig:155:warning: override: reassigning to symbol QPNP_BMS
arch/arm/configs/msm8974pro_sec_klte_eur_defconfig:161:warning: override: reassigning to symbol KS8851
arch/arm/configs/msm8974pro_sec_klte_eur_defconfig:179:warning: override: reassigning to symbol HID
arch/arm/configs/msm8974pro_sec_klte_eur_defconfig:208:warning: override: reassigning to symbol RCU_FAST_NO_HZ
arch/arm/configs/msm8974_sec_eng_defconfig:51:warning: override: reassigning to symbol SEC_RESTRICT_ROOTING
arch/arm/configs/msm8974_sec_eng_defconfig:52:warning: override: reassigning to symbol SEC_RESTRICT_SETUID
arch/arm/configs/msm8974_sec_eng_defconfig:53:warning: override: reassigning to symbol SEC_RESTRICT_FORK
arch/arm/configs/msm8974_sec_eng_defconfig:54:warning: override: reassigning to symbol SEC_RESTRICT_ROOTING_LOG
arch/arm/configs/msm8974_sec_eng_defconfig:66:warning: override: reassigning to symbol ENABLE_DEFAULT_TRACERS
arch/arm/configs/msm8974_sec_eng_defconfig:67:warning: override: reassigning to symbol SEC_NET_FILTER
arch/arm/configs/msm8974_sec_eng_defconfig:70:warning: override: reassigning to symbol DEVMEM
KCONFIG_SELINUX(arch/arm/configs/selinux_defconfig)
KCONFIG_LOG_SELINUX(arch/arm/configs/selinux_log_defconfig)
KCONFIG_TIMA((null))
KCONFIG_VARIANT(arch/arm/configs/msm8974pro_sec_klte_eur_defconfig)
KCONFIG_DEBUG(arch/arm/configs/msm8974_sec_eng_defconfig)
#
# configuration written to .config
#
make: Leaving directory `/home/patrick/cm12/kernel/samsung/klte'
make: Entering directory `/home/patrick/cm12/kernel/samsung/klte'
  GEN     /home/patrick/cm12/kernel/samsung/okernel/Makefile
scripts/kconfig/conf --silentoldconfig Kconfig
sound/soc/codecs/audience/Kconfig:40:warning: type of 'SND_SOC_ES_SLIM' redefined from 'boolean' to 'tristate'
sound/soc/codecs/audience/Kconfig:43:warning: type of 'SND_SOC_ES_I2C' redefined from 'boolean' to 'tristate'
sound/soc/codecs/audience/Kconfig:44:warning: choice value used outside its choice group
sound/soc/codecs/audience/Kconfig:41:warning: choice value used outside its choice group
  GEN     /home/patrick/cm12/kernel/samsung/okernel/Makefile
  CHK     include/linux/version.h
make[2]: Nothing to be done for `arch/arm/boot/dtbs'.
  Using /home/patrick/cm12/kernel/samsung/klte as source for kernel
  CHK     include/generated/utsrelease.h
make[2]: `include/generated/mach-types.h' is up to date.
  CALL    /home/patrick/cm12/kernel/samsung/klte/scripts/checksyscalls.sh
  CHK     include/generated/compile.h
  CC      drivers/video/msm/mdss/mdss_fb.o
In file included from /home/patrick/cm12/kernel/samsung/klte/drivers/video/msm/mdss/mdss_fb.c:23:0:
/home/patrick/cm12/kernel/samsung/klte/include/linux/device.h:501:9: warning: initialization from incompatible pointer type [enabled by default]
error, forbidden warning: device.h:501
make[5]: *** [drivers/video/msm/mdss/mdss_fb.o] Error 1
make[4]: *** [drivers/video/msm/mdss] Error 2
make[3]: *** [drivers/video/msm] Error 2
make[2]: *** [drivers/video] Error 2
make[1]: *** [drivers] Error 2
make: *** [sub-make] Error 2
make: Leaving directory `/home/patrick/cm12/kernel/samsung/klte'
